[debug] [2021-06-27T17:40:15.821Z] ----------------------------------------------------------------------
[debug] [2021-06-27T17:40:15.822Z] Command:       C:\Program Files\nodejs\node.exe C:\Users\cesar.sturmer\AppData\Roaming\npm\node_modules\firebase-tools\lib\bin\firebase.js init
[debug] [2021-06-27T17:40:15.823Z] CLI Version:   9.14.0
[debug] [2021-06-27T17:40:15.823Z] Platform:      win32
[debug] [2021-06-27T17:40:15.823Z] Node Version:  v14.17.1
[debug] [2021-06-27T17:40:15.825Z] Time:          Sun Jun 27 2021 14:40:15 GMT-0300 (Horário Padrão de Brasília)
[debug] [2021-06-27T17:40:15.825Z] ----------------------------------------------------------------------
[debug] 
[debug] [2021-06-27T17:40:15.834Z] > command requires scopes: ["email","openid","https://www.googleapis.com/auth/cloudplatformprojects.readonly","https://www.googleapis.com/auth/firebase","https://www.googleapis.com/auth/cloud-platform"]
[debug] [2021-06-27T17:40:15.834Z] > authorizing via signed-in user (cesinha.sturmerrs@gmail.com)
[info] 
     ######## #### ########  ######## ########     ###     ######  ########
     ##        ##  ##     ## ##       ##     ##  ##   ##  ##       ##
     ######    ##  ########  ######   ########  #########  ######  ######
     ##        ##  ##    ##  ##       ##     ## ##     ##       ## ##
     ##       #### ##     ## ######## ########  ##     ##  ######  ########

You're about to initialize a Firebase project in this directory:

  C:\Users\cesar.sturmer\Desktop\PROJETOS-FRONT-END\ROCKETSEAT\NLW-TOGETHER\REACT\letmeask

Before we get started, keep in mind:

  * You are initializing within an existing Firebase project directory

[info] 
=== Project Setup
[info] 
[info] First, let's associate this project directory with a Firebase project.
[info] You can create multiple project aliases by running firebase use --add, 
[info] but for now we'll just set up a default project.
[info] 
[info] i  .firebaserc already has a default project, using letmeask-82e50. 
[debug] [2021-06-27T17:40:46.854Z] > refreshing access token with scopes: []
[debug] [2021-06-27T17:40:46.854Z] >>> HTTP REQUEST POST https://www.googleapis.com/oauth2/v3/token  
 <request body omitted>
[debug] [2021-06-27T17:40:47.148Z] <<< HTTP RESPONSE 200 {"expires":"Mon, 01 Jan 1990 00:00:00 GMT","cache-control":"no-cache, no-store, max-age=0, must-revalidate","date":"Sun, 27 Jun 2021 17:40:47 GMT","pragma":"no-cache","content-type":"application/json; charset=utf-8","vary":"X-Origin, Referer, Origin,Accept-Encoding","server":"scaffolding on HTTPServer2","x-xss-protection":"0","x-frame-options":"SAMEORIGIN","x-content-type-options":"nosniff","alt-svc":"h3=\":443\"; ma=2592000,h3-29=\":443\"; ma=2592000,h3-T051=\":443\"; ma=2592000,h3-Q050=\":443\"; ma=2592000,h3-Q046=\":443\"; ma=2592000,h3-Q043=\":443\"; ma=2592000,quic=\":443\"; ma=2592000; v=\"46,43\"","accept-ranges":"none","transfer-encoding":"chunked"}
[debug] [2021-06-27T17:40:47.164Z] >>> [apiv2][query] GET https://firebase.googleapis.com/v1beta1/projects/letmeask-82e50 [none]
[debug] [2021-06-27T17:40:48.418Z] <<< [apiv2][status] GET https://firebase.googleapis.com/v1beta1/projects/letmeask-82e50 200
[debug] [2021-06-27T17:40:48.419Z] <<< [apiv2][body] GET https://firebase.googleapis.com/v1beta1/projects/letmeask-82e50 {"projectId":"letmeask-82e50","projectNumber":"778342802244","displayName":"letmeask","name":"projects/letmeask-82e50","resources":{"hostingSite":"letmeask-82e50","realtimeDatabaseInstance":"letmeask-82e50-default-rtdb"},"state":"ACTIVE"}
[info] 
=== Database Setup
[info] i  database: ensuring required API firebasedatabase.googleapis.com is enabled... 
[debug] [2021-06-27T17:40:48.424Z] > refreshing access token with scopes: ["email","https://www.googleapis.com/auth/cloud-platform","https://www.googleapis.com/auth/cloudplatformprojects.readonly","https://www.googleapis.com/auth/firebase","openid"]
[debug] [2021-06-27T17:40:48.424Z] >>> HTTP REQUEST POST https://www.googleapis.com/oauth2/v3/token  
 <request body omitted>
[debug] [2021-06-27T17:40:48.709Z] <<< HTTP RESPONSE 200 {"cache-control":"no-cache, no-store, max-age=0, must-revalidate","pragma":"no-cache","date":"Sun, 27 Jun 2021 17:40:48 GMT","expires":"Mon, 01 Jan 1990 00:00:00 GMT","content-type":"application/json; charset=utf-8","vary":"X-Origin, Referer, Origin,Accept-Encoding","server":"scaffolding on HTTPServer2","x-xss-protection":"0","x-frame-options":"SAMEORIGIN","x-content-type-options":"nosniff","alt-svc":"h3=\":443\"; ma=2592000,h3-29=\":443\"; ma=2592000,h3-T051=\":443\"; ma=2592000,h3-Q050=\":443\"; ma=2592000,h3-Q046=\":443\"; ma=2592000,h3-Q043=\":443\"; ma=2592000,quic=\":443\"; ma=2592000; v=\"46,43\"","accept-ranges":"none","transfer-encoding":"chunked"}
[debug] [2021-06-27T17:40:48.723Z] >>> HTTP REQUEST GET https://serviceusage.googleapis.com/v1/projects/letmeask-82e50/services/firebasedatabase.googleapis.com  
 
[debug] [2021-06-27T17:40:49.892Z] <<< HTTP RESPONSE 200 {"content-type":"application/json; charset=UTF-8","vary":"X-Origin, Referer, Origin,Accept-Encoding","date":"Sun, 27 Jun 2021 17:40:49 GMT","server":"ESF","cache-control":"private","x-xss-protection":"0","x-frame-options":"SAMEORIGIN","x-content-type-options":"nosniff","alt-svc":"h3=\":443\"; ma=2592000,h3-29=\":443\"; ma=2592000,h3-T051=\":443\"; ma=2592000,h3-Q050=\":443\"; ma=2592000,h3-Q046=\":443\"; ma=2592000,h3-Q043=\":443\"; ma=2592000,quic=\":443\"; ma=2592000; v=\"46,43\"","accept-ranges":"none","transfer-encoding":"chunked"}
[info] +  database: required API firebasedatabase.googleapis.com is enabled 
[info] 
[debug] [2021-06-27T17:40:49.897Z] > refreshing access token with scopes: []
[debug] [2021-06-27T17:40:49.899Z] >>> HTTP REQUEST POST https://www.googleapis.com/oauth2/v3/token  
 <request body omitted>
[debug] [2021-06-27T17:40:50.181Z] <<< HTTP RESPONSE 200 {"pragma":"no-cache","cache-control":"no-cache, no-store, max-age=0, must-revalidate","date":"Sun, 27 Jun 2021 17:40:50 GMT","expires":"Mon, 01 Jan 1990 00:00:00 GMT","content-type":"application/json; charset=utf-8","vary":"X-Origin, Referer, Origin,Accept-Encoding","server":"scaffolding on HTTPServer2","x-xss-protection":"0","x-frame-options":"SAMEORIGIN","x-content-type-options":"nosniff","alt-svc":"h3=\":443\"; ma=2592000,h3-29=\":443\"; ma=2592000,h3-T051=\":443\"; ma=2592000,h3-Q050=\":443\"; ma=2592000,h3-Q046=\":443\"; ma=2592000,h3-Q043=\":443\"; ma=2592000,quic=\":443\"; ma=2592000; v=\"46,43\"","accept-ranges":"none","transfer-encoding":"chunked"}
[debug] [2021-06-27T17:40:50.201Z] >>> [apiv2][query] GET https://firebase.googleapis.com/v1beta1/projects/letmeask-82e50 [none]
[debug] [2021-06-27T17:40:51.304Z] <<< [apiv2][status] GET https://firebase.googleapis.com/v1beta1/projects/letmeask-82e50 200
[debug] [2021-06-27T17:40:51.305Z] <<< [apiv2][body] GET https://firebase.googleapis.com/v1beta1/projects/letmeask-82e50 {"projectId":"letmeask-82e50","projectNumber":"778342802244","displayName":"letmeask","name":"projects/letmeask-82e50","resources":{"hostingSite":"letmeask-82e50","realtimeDatabaseInstance":"letmeask-82e50-default-rtdb"},"state":"ACTIVE"}
[debug] [2021-06-27T17:40:51.306Z] > refreshing access token with scopes: ["email","https://www.googleapis.com/auth/cloud-platform","https://www.googleapis.com/auth/cloudplatformprojects.readonly","https://www.googleapis.com/auth/firebase","openid"]
[debug] [2021-06-27T17:40:51.307Z] >>> HTTP REQUEST POST https://www.googleapis.com/oauth2/v3/token  
 <request body omitted>
[debug] [2021-06-27T17:40:51.594Z] <<< HTTP RESPONSE 200 {"date":"Sun, 27 Jun 2021 17:40:51 GMT","expires":"Mon, 01 Jan 1990 00:00:00 GMT","pragma":"no-cache","cache-control":"no-cache, no-store, max-age=0, must-revalidate","content-type":"application/json; charset=utf-8","vary":"X-Origin, Referer, Origin,Accept-Encoding","server":"scaffolding on HTTPServer2","x-xss-protection":"0","x-frame-options":"SAMEORIGIN","x-content-type-options":"nosniff","alt-svc":"h3=\":443\"; ma=2592000,h3-29=\":443\"; ma=2592000,h3-T051=\":443\"; ma=2592000,h3-Q050=\":443\"; ma=2592000,h3-Q046=\":443\"; ma=2592000,h3-Q043=\":443\"; ma=2592000,quic=\":443\"; ma=2592000; v=\"46,43\"","accept-ranges":"none","transfer-encoding":"chunked"}
[debug] [2021-06-27T17:40:51.606Z] >>> HTTP REQUEST GET https://firebasedatabase.googleapis.com/v1beta/projects/letmeask-82e50/locations/-/instances/letmeask-82e50-default-rtdb  
 
[debug] [2021-06-27T17:40:52.848Z] <<< HTTP RESPONSE 200 {"content-type":"application/json; charset=UTF-8","vary":"X-Origin, Referer, Origin,Accept-Encoding","date":"Sun, 27 Jun 2021 17:40:52 GMT","server":"ESF","cache-control":"private","x-xss-protection":"0","x-frame-options":"SAMEORIGIN","x-content-type-options":"nosniff","alt-svc":"h3=\":443\"; ma=2592000,h3-29=\":443\"; ma=2592000,h3-T051=\":443\"; ma=2592000,h3-Q050=\":443\"; ma=2592000,h3-Q046=\":443\"; ma=2592000,h3-Q043=\":443\"; ma=2592000,quic=\":443\"; ma=2592000; v=\"46,43\"","accept-ranges":"none","transfer-encoding":"chunked"}
[info] 
[info] Firebase Realtime Database Security Rules allow you to define how your data should be
[info] structured and when your data can be read from and written to.
[info] 
[debug] [2021-06-27T17:40:59.256Z] >>> HTTP REQUEST GET https://letmeask-82e50-default-rtdb.firebaseio.com/.settings/rules.json  
 
[debug] [2021-06-27T17:40:59.956Z] <<< HTTP RESPONSE 200 {"server":"nginx","date":"Sun, 27 Jun 2021 17:40:59 GMT","content-type":"application/json; charset=utf-8","content-length":"568","connection":"keep-alive","access-control-allow-origin":"*","cache-control":"no-cache","strict-transport-security":"max-age=31556926; includeSubDomains; preload"}
[info] +  Database Rules for letmeask-82e50-default-rtdb have been written to database.rules.json. 
[info] Future modifications to database.rules.json will update Realtime Database Security Rules when you run
[info] firebase deploy.
[info] 
=== Hosting Setup
[info] 
[info] Your public directory is the folder (relative to your project directory) that
[info] will contain Hosting assets to be uploaded with firebase deploy. If you
[info] have a build process for your assets, use your build's output directory.
[info] 
